2026-01-23 11:46:45 - tests.conftest - [32mINFO[0m - [conftest.py:62] - ==================================================
2026-01-23 11:46:45 - tests.conftest - [32mINFO[0m - [conftest.py:63] - è‡ªåŠ¨åŒ–æµ‹è¯•å¼€å§‹
2026-01-23 11:46:45 - tests.conftest - [32mINFO[0m - [conftest.py:64] - ==================================================
2026-01-23 11:46:45 - tests.conftest - [32mINFO[0m - [conftest.py:24] - å¯åŠ¨æµè§ˆå™¨
2026-01-23 11:46:47 - pages.base_page - [32mINFO[0m - [base_page.py:29] - åˆå§‹åŒ–é¡µé¢: PublishSourcePage
2026-01-23 11:46:47 - utils.retry - [32mINFO[0m - [retry.py:28] - æ‰§è¡Œ clickï¼Œå°è¯•æ¬¡æ•°: 1/3
2026-01-23 11:46:47 - pages.base_page - [32mINFO[0m - [base_page.py:110] - ç‚¹å‡»å…ƒç´ : <Locator frame=<Frame name= url='about:blank'> selector='div >> internal:has-text=/^ä¸šåŠ¡ä¸­å¿ƒ$/'>
2026-01-23 11:46:52 - pages.base_page - [31mERROR[0m - [base_page.py:115] - ç‚¹å‡»å¤±è´¥: <Locator frame=<Frame name= url='about:blank'> selector='div >> internal:has-text=/^ä¸šåŠ¡ä¸­å¿ƒ$/'>, é”™è¯¯: Locator.click: Timeout 5000ms exceeded.
Call log:
  - waiting for locator("div").filter(has_text=re.compile(r"^ä¸šåŠ¡ä¸­å¿ƒ$"))

2026-01-23 11:46:52 - utils.retry - [33mWARNING[0m - [retry.py:35] - click å¤±è´¥ï¼Œ0.5ç§’åé‡è¯•. é”™è¯¯: Locator.click: Timeout 5000ms exceeded.
Call log:
  - waiting for locator("div").filter(has_text=re.compile(r"^ä¸šåŠ¡ä¸­å¿ƒ$"))

2026-01-23 11:46:53 - utils.retry - [32mINFO[0m - [retry.py:28] - æ‰§è¡Œ clickï¼Œå°è¯•æ¬¡æ•°: 2/3
2026-01-23 11:46:53 - pages.base_page - [32mINFO[0m - [base_page.py:110] - ç‚¹å‡»å…ƒç´ : <Locator frame=<Frame name= url='about:blank'> selector='div >> internal:has-text=/^ä¸šåŠ¡ä¸­å¿ƒ$/'>
2026-01-23 11:46:58 - pages.base_page - [31mERROR[0m - [base_page.py:115] - ç‚¹å‡»å¤±è´¥: <Locator frame=<Frame name= url='about:blank'> selector='div >> internal:has-text=/^ä¸šåŠ¡ä¸­å¿ƒ$/'>, é”™è¯¯: Locator.click: Timeout 5000ms exceeded.
Call log:
  - waiting for locator("div").filter(has_text=re.compile(r"^ä¸šåŠ¡ä¸­å¿ƒ$"))

2026-01-23 11:46:58 - utils.retry - [33mWARNING[0m - [retry.py:35] - click å¤±è´¥ï¼Œ0.5ç§’åé‡è¯•. é”™è¯¯: Locator.click: Timeout 5000ms exceeded.
Call log:
  - waiting for locator("div").filter(has_text=re.compile(r"^ä¸šåŠ¡ä¸­å¿ƒ$"))

2026-01-23 11:46:59 - utils.retry - [32mINFO[0m - [retry.py:28] - æ‰§è¡Œ clickï¼Œå°è¯•æ¬¡æ•°: 3/3
2026-01-23 11:46:59 - pages.base_page - [32mINFO[0m - [base_page.py:110] - ç‚¹å‡»å…ƒç´ : <Locator frame=<Frame name= url='about:blank'> selector='div >> internal:has-text=/^ä¸šåŠ¡ä¸­å¿ƒ$/'>
2026-01-23 11:46:59 - pages.base_page - [31mERROR[0m - [base_page.py:115] - ç‚¹å‡»å¤±è´¥: <Locator frame=<Frame name= url='about:blank'> selector='div >> internal:has-text=/^ä¸šåŠ¡ä¸­å¿ƒ$/'>, é”™è¯¯: Locator.click: Target page, context or browser has been closed
2026-01-23 11:46:59 - utils.retry - [31mERROR[0m - [retry.py:32] - click å·²é‡è¯• 3 æ¬¡ï¼Œæœ€ç»ˆå¤±è´¥: Locator.click: Target page, context or browser has been closed
2026-01-23 11:46:59 - tests.conftest - [31mERROR[0m - [conftest.py:81] - æµ‹è¯•å¤±è´¥: test_publish_steel_cargo
2026-01-23 11:46:59 - tests.conftest - [32mINFO[0m - [conftest.py:32] - å…³é—­æµè§ˆå™¨
2026-01-23 11:46:59 - tests.conftest - [32mINFO[0m - [conftest.py:69] - ==================================================
2026-01-23 11:46:59 - tests.conftest - [32mINFO[0m - [conftest.py:70] - è‡ªåŠ¨åŒ–æµ‹è¯•ç»“æŸ
2026-01-23 11:46:59 - tests.conftest - [32mINFO[0m - [conftest.py:71] - ==================================================
