2026-01-23 11:54:24 - tests.conftest - [32mINFO[0m - [conftest.py:62] - ==================================================
2026-01-23 11:54:24 - tests.conftest - [32mINFO[0m - [conftest.py:63] - è‡ªåŠ¨åŒ–æµ‹è¯•å¼€å§‹
2026-01-23 11:54:24 - tests.conftest - [32mINFO[0m - [conftest.py:64] - ==================================================
2026-01-23 11:54:24 - tests.conftest - [32mINFO[0m - [conftest.py:24] - å¯åŠ¨æµè§ˆå™¨
2026-01-23 11:54:26 - pages.base_page - [32mINFO[0m - [base_page.py:29] - åˆå§‹åŒ–é¡µé¢: PublishSourcePage
2026-01-23 11:54:26 - pages.base_page - [32mINFO[0m - [base_page.py:29] - åˆå§‹åŒ–é¡µé¢: LoginPage
2026-01-23 11:54:26 - pages.base_page - [32mINFO[0m - [base_page.py:41] - å¯¼èˆªåˆ°: http://dev8.kuotian.cc
2026-01-23 11:54:27 - pages.base_page - [32mINFO[0m - [base_page.py:43] - é¡µé¢åŠ è½½æˆåŠŸ: http://dev8.kuotian.cc
2026-01-23 11:54:27 - utils.retry - [32mINFO[0m - [retry.py:28] - æ‰§è¡Œ fillï¼Œå°è¯•æ¬¡æ•°: 1/3
2026-01-23 11:54:27 - pages.base_page - [32mINFO[0m - [base_page.py:129] - å¡«å……è¾“å…¥æ¡†: <Locator frame=<Frame name= url='http://dev8.kuotian.cc/'> selector='internal:role=textbox[name="è¯·è¾“å…¥ç™»å½•è´¦å·"i]'> = 18888888888
2026-01-23 11:54:28 - utils.retry - [32mINFO[0m - [retry.py:28] - æ‰§è¡Œ fillï¼Œå°è¯•æ¬¡æ•°: 1/3
2026-01-23 11:54:28 - pages.base_page - [32mINFO[0m - [base_page.py:129] - å¡«å……è¾“å…¥æ¡†: <Locator frame=<Frame name= url='http://dev8.kuotian.cc/login'> selector='internal:role=textbox[name="è¯·è¾“å…¥ç™»å½•å¯†ç "i]'> = Hqq123456
2026-01-23 11:54:28 - utils.retry - [32mINFO[0m - [retry.py:28] - æ‰§è¡Œ clickï¼Œå°è¯•æ¬¡æ•°: 1/3
2026-01-23 11:54:28 - pages.base_page - [32mINFO[0m - [base_page.py:110] - ç‚¹å‡»å…ƒç´ : <Locator frame=<Frame name= url='http://dev8.kuotian.cc/login'> selector='internal:role=button[name="ç™» å½•"i]'>
2026-01-23 11:54:29 - pages.base_page - [32mINFO[0m - [base_page.py:303] - æ–­è¨€æ–‡æœ¬å¯è§: é¦–é¡µ
2026-01-23 11:54:29 - pages.base_page - [32mINFO[0m - [base_page.py:306] - æ–‡æœ¬æ–­è¨€æˆåŠŸ: é¦–é¡µ
2026-01-23 13:35:31 - utils.retry - [32mINFO[0m - [retry.py:28] - æ‰§è¡Œ clickï¼Œå°è¯•æ¬¡æ•°: 1/3
2026-01-23 13:35:32 - pages.base_page - [32mINFO[0m - [base_page.py:110] - ç‚¹å‡»å…ƒç´ : <Locator frame=<Frame name= url='http://dev8.kuotian.cc/home'> selector='div >> internal:has-text=/^ä¸šåŠ¡ä¸­å¿ƒ$/'>
2026-01-23 13:35:41 - utils.retry - [32mINFO[0m - [retry.py:28] - æ‰§è¡Œ clickï¼Œå°è¯•æ¬¡æ•°: 1/3
2026-01-23 13:35:41 - pages.base_page - [32mINFO[0m - [base_page.py:110] - ç‚¹å‡»å…ƒç´ : <Locator frame=<Frame name= url='http://dev8.kuotian.cc/home'> selector='internal:text="\\u8d27\\u6e90\\u7ba1\\u7406"i'>
2026-01-23 13:35:45 - utils.retry - [32mINFO[0m - [retry.py:28] - æ‰§è¡Œ clickï¼Œå°è¯•æ¬¡æ•°: 1/3
2026-01-23 13:35:45 - pages.base_page - [32mINFO[0m - [base_page.py:110] - ç‚¹å‡»å…ƒç´ : <Locator frame=<Frame name= url='http://dev8.kuotian.cc/netOrder/goods'> selector='internal:role=button[name="å‘å¸ƒè´§æº"i]'>
2026-01-23 13:35:50 - utils.retry - [32mINFO[0m - [retry.py:28] - æ‰§è¡Œ clickï¼Œå°è¯•æ¬¡æ•°: 1/3
2026-01-23 13:35:50 - pages.base_page - [32mINFO[0m - [base_page.py:110] - ç‚¹å‡»å…ƒç´ : <Locator frame=<Frame name= url='http://dev8.kuotian.cc/netOrder/goods/publishGoodsSource'> selector='img >> nth=3'>
2026-01-23 13:35:55 - pages.base_page - [31mERROR[0m - [base_page.py:115] - ç‚¹å‡»å¤±è´¥: <Locator frame=<Frame name= url='http://dev8.kuotian.cc/netOrder/goods/publishGoodsSource'> selector='img >> nth=3'>, é”™è¯¯: Locator.click: Timeout 5000ms exceeded.
Call log:
  - waiting for locator("img").nth(3)

2026-01-23 13:35:55 - utils.retry - [33mWARNING[0m - [retry.py:35] - click å¤±è´¥ï¼Œ0.5ç§’åé‡è¯•. é”™è¯¯: Locator.click: Timeout 5000ms exceeded.
Call log:
  - waiting for locator("img").nth(3)

2026-01-23 13:35:55 - utils.retry - [32mINFO[0m - [retry.py:28] - æ‰§è¡Œ clickï¼Œå°è¯•æ¬¡æ•°: 2/3
2026-01-23 13:35:55 - pages.base_page - [32mINFO[0m - [base_page.py:110] - ç‚¹å‡»å…ƒç´ : <Locator frame=<Frame name= url='http://dev8.kuotian.cc/netOrder/goods/publishGoodsSource'> selector='img >> nth=3'>
2026-01-23 13:36:00 - pages.base_page - [31mERROR[0m - [base_page.py:115] - ç‚¹å‡»å¤±è´¥: <Locator frame=<Frame name= url='http://dev8.kuotian.cc/netOrder/goods/publishGoodsSource'> selector='img >> nth=3'>, é”™è¯¯: Locator.click: Timeout 5000ms exceeded.
Call log:
  - waiting for locator("img").nth(3)

2026-01-23 13:36:00 - utils.retry - [33mWARNING[0m - [retry.py:35] - click å¤±è´¥ï¼Œ0.5ç§’åé‡è¯•. é”™è¯¯: Locator.click: Timeout 5000ms exceeded.
Call log:
  - waiting for locator("img").nth(3)

2026-01-23 13:36:01 - utils.retry - [32mINFO[0m - [retry.py:28] - æ‰§è¡Œ clickï¼Œå°è¯•æ¬¡æ•°: 3/3
2026-01-23 13:36:01 - pages.base_page - [32mINFO[0m - [base_page.py:110] - ç‚¹å‡»å…ƒç´ : <Locator frame=<Frame name= url='http://dev8.kuotian.cc/netOrder/goods/publishGoodsSource'> selector='img >> nth=3'>
2026-01-23 13:36:06 - pages.base_page - [31mERROR[0m - [base_page.py:115] - ç‚¹å‡»å¤±è´¥: <Locator frame=<Frame name= url='http://dev8.kuotian.cc/netOrder/goods/publishGoodsSource'> selector='img >> nth=3'>, é”™è¯¯: Locator.click: Timeout 5000ms exceeded.
Call log:
  - waiting for locator("img").nth(3)

2026-01-23 13:36:06 - utils.retry - [31mERROR[0m - [retry.py:32] - click å·²é‡è¯• 3 æ¬¡ï¼Œæœ€ç»ˆå¤±è´¥: Locator.click: Timeout 5000ms exceeded.
Call log:
  - waiting for locator("img").nth(3)

2026-01-23 13:36:34 - tests.conftest - [31mERROR[0m - [conftest.py:81] - æµ‹è¯•å¤±è´¥: test_publish_steel_cargo
2026-01-23 13:36:35 - tests.conftest - [32mINFO[0m - [conftest.py:32] - å…³é—­æµè§ˆå™¨
2026-01-23 13:36:35 - tests.conftest - [32mINFO[0m - [conftest.py:69] - ==================================================
2026-01-23 13:36:35 - tests.conftest - [32mINFO[0m - [conftest.py:70] - è‡ªåŠ¨åŒ–æµ‹è¯•ç»“æŸ
2026-01-23 13:36:35 - tests.conftest - [32mINFO[0m - [conftest.py:71] - ==================================================
