2026-01-23 17:03:24 - tests.conftest - [32mINFO[0m - [conftest.py:62] - ==================================================
2026-01-23 17:03:24 - tests.conftest - [32mINFO[0m - [conftest.py:63] - è‡ªåŠ¨åŒ–æµ‹è¯•å¼€å§‹
2026-01-23 17:03:24 - tests.conftest - [32mINFO[0m - [conftest.py:64] - ==================================================
2026-01-23 17:03:24 - tests.conftest - [32mINFO[0m - [conftest.py:24] - å¯åŠ¨æµè§ˆå™¨
2026-01-23 17:03:25 - pages.base_page - [32mINFO[0m - [base_page.py:29] - åˆå§‹åŒ–é¡µé¢: BusinessPage
2026-01-23 17:03:25 - pages.base_page - [32mINFO[0m - [base_page.py:29] - åˆå§‹åŒ–é¡µé¢: LoginPage
2026-01-23 17:03:25 - pages.base_page - [32mINFO[0m - [base_page.py:41] - å¯¼èˆªåˆ°: http://dev8.kuotian.cc
2026-01-23 17:03:26 - pages.base_page - [32mINFO[0m - [base_page.py:43] - é¡µé¢åŠ è½½æˆåŠŸ: http://dev8.kuotian.cc
2026-01-23 17:03:26 - utils.retry - [32mINFO[0m - [retry.py:28] - æ‰§è¡Œ fillï¼Œå°è¯•æ¬¡æ•°: 1/3
2026-01-23 17:03:26 - pages.base_page - [32mINFO[0m - [base_page.py:129] - å¡«å……è¾“å…¥æ¡†: <Locator frame=<Frame name= url='http://dev8.kuotian.cc/login'> selector='internal:role=textbox[name="è¯·è¾“å…¥ç™»å½•è´¦å·"i]'> = 18888888888
2026-01-23 17:03:27 - utils.retry - [32mINFO[0m - [retry.py:28] - æ‰§è¡Œ fillï¼Œå°è¯•æ¬¡æ•°: 1/3
2026-01-23 17:03:27 - pages.base_page - [32mINFO[0m - [base_page.py:129] - å¡«å……è¾“å…¥æ¡†: <Locator frame=<Frame name= url='http://dev8.kuotian.cc/login'> selector='internal:role=textbox[name="è¯·è¾“å…¥ç™»å½•å¯†ç "i]'> = Hqq123456
2026-01-23 17:03:27 - utils.retry - [32mINFO[0m - [retry.py:28] - æ‰§è¡Œ clickï¼Œå°è¯•æ¬¡æ•°: 1/3
2026-01-23 17:03:27 - pages.base_page - [32mINFO[0m - [base_page.py:110] - ç‚¹å‡»å…ƒç´ : <Locator frame=<Frame name= url='http://dev8.kuotian.cc/login'> selector='internal:role=button[name="ç™» å½•"i]'>
2026-01-23 17:03:27 - pages.base_page - [32mINFO[0m - [base_page.py:303] - æ–­è¨€æ–‡æœ¬å¯è§: é¦–é¡µ
2026-01-23 17:03:28 - pages.base_page - [32mINFO[0m - [base_page.py:306] - æ–‡æœ¬æ–­è¨€æˆåŠŸ: é¦–é¡µ
2026-01-23 17:03:28 - utils.retry - [32mINFO[0m - [retry.py:28] - æ‰§è¡Œ clickï¼Œå°è¯•æ¬¡æ•°: 1/3
2026-01-23 17:03:28 - pages.base_page - [32mINFO[0m - [base_page.py:110] - ç‚¹å‡»å…ƒç´ : <Locator frame=<Frame name= url='http://dev8.kuotian.cc/home'> selector='internal:text="\\u4e1a\\u52a1\\u4e2d\\u5fc3"i'>
2026-01-23 17:03:29 - utils.retry - [32mINFO[0m - [retry.py:28] - æ‰§è¡Œ clickï¼Œå°è¯•æ¬¡æ•°: 1/3
2026-01-23 17:03:29 - pages.base_page - [32mINFO[0m - [base_page.py:110] - ç‚¹å‡»å…ƒç´ : <Locator frame=<Frame name= url='http://dev8.kuotian.cc/home'> selector='internal:text="\\u8d27\\u6e90\\u7ba1\\u7406"i'>
2026-01-23 17:03:29 - utils.retry - [32mINFO[0m - [retry.py:28] - æ‰§è¡Œ clickï¼Œå°è¯•æ¬¡æ•°: 1/3
2026-01-23 17:03:29 - pages.base_page - [32mINFO[0m - [base_page.py:110] - ç‚¹å‡»å…ƒç´ : <Locator frame=<Frame name= url='http://dev8.kuotian.cc/netOrder/goods'> selector='internal:role=button[name="å›¾æ ‡: plus å‘å¸ƒè´§æº"i]'>
2026-01-23 17:03:29 - utils.retry - [32mINFO[0m - [retry.py:28] - æ‰§è¡Œ clickï¼Œå°è¯•æ¬¡æ•°: 1/3
2026-01-23 17:03:29 - pages.base_page - [32mINFO[0m - [base_page.py:110] - ç‚¹å‡»å…ƒç´ : <Locator frame=<Frame name= url='http://dev8.kuotian.cc/netOrder/goods/publishGoodsSource'> selector='internal:text="\\u8bf7\\u9009\\u62e9\\u8d27\\u54c1"i'>
2026-01-23 17:03:29 - utils.retry - [32mINFO[0m - [retry.py:28] - æ‰§è¡Œ clickï¼Œå°è¯•æ¬¡æ•°: 1/3
2026-01-23 17:03:29 - pages.base_page - [32mINFO[0m - [base_page.py:110] - ç‚¹å‡»å…ƒç´ : <Locator frame=<Frame name= url='http://dev8.kuotian.cc/netOrder/goods/publishGoodsSource'> selector='internal:text="\\u94a2\\u94c1"i'>
2026-01-23 17:03:29 - utils.retry - [32mINFO[0m - [retry.py:28] - æ‰§è¡Œ fillï¼Œå°è¯•æ¬¡æ•°: 1/3
2026-01-23 17:03:29 - pages.base_page - [32mINFO[0m - [base_page.py:129] - å¡«å……è¾“å…¥æ¡†: <Locator frame=<Frame name= url='http://dev8.kuotian.cc/netOrder/goods/publishGoodsSource'> selector='internal:role=textbox[name="è¯·è¾“å…¥è´§ç‰©æ•°é‡(é¢„ä¼°)"i]'> = 500
2026-01-23 17:03:30 - tests.conftest - [31mERROR[0m - [conftest.py:81] - æµ‹è¯•å¤±è´¥: test_publish_steel_cargo
2026-01-23 17:03:30 - tests.conftest - [32mINFO[0m - [conftest.py:32] - å…³é—­æµè§ˆå™¨
2026-01-23 17:03:30 - tests.conftest - [32mINFO[0m - [conftest.py:69] - ==================================================
2026-01-23 17:03:30 - tests.conftest - [32mINFO[0m - [conftest.py:70] - è‡ªåŠ¨åŒ–æµ‹è¯•ç»“æŸ
2026-01-23 17:03:30 - tests.conftest - [32mINFO[0m - [conftest.py:71] - ==================================================
