2026-01-23 09:10:38 - tests.conftest - [32mINFO[0m - [conftest.py:60] - ==================================================
2026-01-23 09:10:38 - tests.conftest - [32mINFO[0m - [conftest.py:61] - è‡ªåŠ¨åŒ–æµ‹è¯•å¼€å§‹
2026-01-23 09:10:38 - tests.conftest - [32mINFO[0m - [conftest.py:62] - ==================================================
2026-01-23 09:10:38 - tests.conftest - [32mINFO[0m - [conftest.py:23] - å¯åŠ¨æµè§ˆå™¨
2026-01-23 09:10:41 - pages.base_page - [32mINFO[0m - [base_page.py:29] - åˆå§‹åŒ–é¡µé¢: LoginPage
2026-01-23 09:10:41 - pages.base_page - [32mINFO[0m - [base_page.py:41] - å¯¼èˆªåˆ°: http://dev8.kuotian.cc
2026-01-23 09:11:11 - pages.base_page - [31mERROR[0m - [base_page.py:45] - å¯¼èˆªå¤±è´¥: http://dev8.kuotian.cc, é”™è¯¯: Page.goto: Timeout 30000ms exceeded.
Call log:
  - navigating to "http://dev8.kuotian.cc/", waiting until "networkidle"

2026-01-23 09:11:11 - pages.base_page - [32mINFO[0m - [base_page.py:387] - æˆªå›¾å·²ä¿å­˜: /Users/mac/Downloads/playwright-project/learning/screenshots/2026-01-23/goto_failed_1769130671.png
2026-01-23 09:11:12 - tests.conftest - [31mERROR[0m - [conftest.py:79] - æµ‹è¯•å¤±è´¥: test_login_page
2026-01-23 09:11:12 - tests.conftest - [32mINFO[0m - [conftest.py:30] - å…³é—­æµè§ˆå™¨
2026-01-23 09:11:12 - tests.conftest - [32mINFO[0m - [conftest.py:23] - å¯åŠ¨æµè§ˆå™¨
2026-01-23 09:11:14 - pages.base_page - [32mINFO[0m - [base_page.py:29] - åˆå§‹åŒ–é¡µé¢: LoginPage
2026-01-23 09:11:14 - pages.base_page - [32mINFO[0m - [base_page.py:41] - å¯¼èˆªåˆ°: http://dev8.kuotian.cc
2026-01-23 09:11:15 - pages.base_page - [32mINFO[0m - [base_page.py:43] - é¡µé¢åŠ è½½æˆåŠŸ: http://dev8.kuotian.cc
2026-01-23 09:11:15 - pages.base_page - [32mINFO[0m - [base_page.py:129] - å¡«å……è¾“å…¥æ¡†: <Locator frame=<Frame name= url='http://dev8.kuotian.cc/login'> selector='internal:role=textbox[name="è¯·è¾“å…¥ç™»å½•è´¦å·"i]'> = 18888888888
2026-01-23 09:11:16 - pages.base_page - [32mINFO[0m - [base_page.py:129] - å¡«å……è¾“å…¥æ¡†: <Locator frame=<Frame name= url='http://dev8.kuotian.cc/login'> selector='internal:role=textbox[name="è¯·è¾“å…¥ç™»å½•å¯†ç "i]'> = 4444
2026-01-23 09:11:16 - pages.base_page - [32mINFO[0m - [base_page.py:110] - ç‚¹å‡»å…ƒç´ : <Locator frame=<Frame name= url='http://dev8.kuotian.cc/login'> selector='internal:role=button[name="ç™» å½•"i]'>
2026-01-23 09:11:16 - pages.base_page - [32mINFO[0m - [base_page.py:303] - æ–­è¨€æ–‡æœ¬å¯è§: ç”¨æˆ·æˆ–å¯†ç é”™è¯¯
2026-01-23 09:11:16 - pages.base_page - [32mINFO[0m - [base_page.py:306] - æ–‡æœ¬æ–­è¨€æˆåŠŸ: ç”¨æˆ·æˆ–å¯†ç é”™è¯¯
2026-01-23 09:11:16 - tests.conftest - [32mINFO[0m - [conftest.py:30] - å…³é—­æµè§ˆå™¨
2026-01-23 09:11:17 - tests.conftest - [32mINFO[0m - [conftest.py:67] - ==================================================
2026-01-23 09:11:17 - tests.conftest - [32mINFO[0m - [conftest.py:68] - è‡ªåŠ¨åŒ–æµ‹è¯•ç»“æŸ
2026-01-23 09:11:17 - tests.conftest - [32mINFO[0m - [conftest.py:69] - ==================================================
