2026-01-23 13:45:47 - tests.conftest - [32mINFO[0m - [conftest.py:62] - ==================================================
2026-01-23 13:45:47 - tests.conftest - [32mINFO[0m - [conftest.py:63] - è‡ªåŠ¨åŒ–æµ‹è¯•å¼€å§‹
2026-01-23 13:45:47 - tests.conftest - [32mINFO[0m - [conftest.py:64] - ==================================================
2026-01-23 13:45:47 - tests.conftest - [32mINFO[0m - [conftest.py:24] - å¯åŠ¨æµè§ˆå™¨
2026-01-23 13:45:48 - pages.base_page - [32mINFO[0m - [base_page.py:29] - åˆå§‹åŒ–é¡µé¢: PublishSourcePage
2026-01-23 13:45:48 - pages.base_page - [32mINFO[0m - [base_page.py:29] - åˆå§‹åŒ–é¡µé¢: LoginPage
2026-01-23 13:45:48 - pages.base_page - [32mINFO[0m - [base_page.py:41] - å¯¼èˆªåˆ°: http://dev8.kuotian.cc
2026-01-23 13:45:49 - pages.base_page - [32mINFO[0m - [base_page.py:43] - é¡µé¢åŠ è½½æˆåŠŸ: http://dev8.kuotian.cc
2026-01-23 13:45:49 - utils.retry - [32mINFO[0m - [retry.py:28] - æ‰§è¡Œ fillï¼Œå°è¯•æ¬¡æ•°: 1/3
2026-01-23 13:45:49 - pages.base_page - [32mINFO[0m - [base_page.py:129] - å¡«å……è¾“å…¥æ¡†: <Locator frame=<Frame name= url='http://dev8.kuotian.cc/login'> selector='internal:role=textbox[name="è¯·è¾“å…¥ç™»å½•è´¦å·"i]'> = 18888888888
2026-01-23 13:45:50 - utils.retry - [32mINFO[0m - [retry.py:28] - æ‰§è¡Œ fillï¼Œå°è¯•æ¬¡æ•°: 1/3
2026-01-23 13:45:50 - pages.base_page - [32mINFO[0m - [base_page.py:129] - å¡«å……è¾“å…¥æ¡†: <Locator frame=<Frame name= url='http://dev8.kuotian.cc/login'> selector='internal:role=textbox[name="è¯·è¾“å…¥ç™»å½•å¯†ç "i]'> = Hqq123456
2026-01-23 13:45:50 - utils.retry - [32mINFO[0m - [retry.py:28] - æ‰§è¡Œ clickï¼Œå°è¯•æ¬¡æ•°: 1/3
2026-01-23 13:45:50 - pages.base_page - [32mINFO[0m - [base_page.py:110] - ç‚¹å‡»å…ƒç´ : <Locator frame=<Frame name= url='http://dev8.kuotian.cc/login'> selector='internal:role=button[name="ç™» å½•"i]'>
2026-01-23 13:45:50 - pages.base_page - [32mINFO[0m - [base_page.py:303] - æ–­è¨€æ–‡æœ¬å¯è§: é¦–é¡µ
2026-01-23 13:45:51 - pages.base_page - [32mINFO[0m - [base_page.py:306] - æ–‡æœ¬æ–­è¨€æˆåŠŸ: é¦–é¡µ
2026-01-23 13:45:51 - utils.retry - [32mINFO[0m - [retry.py:28] - æ‰§è¡Œ clickï¼Œå°è¯•æ¬¡æ•°: 1/3
2026-01-23 13:45:51 - pages.base_page - [32mINFO[0m - [base_page.py:110] - ç‚¹å‡»å…ƒç´ : <Locator frame=<Frame name= url='http://dev8.kuotian.cc/home'> selector='div >> internal:has-text=/^ä¸šåŠ¡ä¸­å¿ƒ$/'>
2026-01-23 13:45:51 - utils.retry - [32mINFO[0m - [retry.py:28] - æ‰§è¡Œ clickï¼Œå°è¯•æ¬¡æ•°: 1/3
2026-01-23 13:45:51 - pages.base_page - [32mINFO[0m - [base_page.py:110] - ç‚¹å‡»å…ƒç´ : <Locator frame=<Frame name= url='http://dev8.kuotian.cc/home'> selector='internal:text="\\u8d27\\u6e90\\u7ba1\\u7406"i'>
2026-01-23 13:45:52 - utils.retry - [32mINFO[0m - [retry.py:28] - æ‰§è¡Œ clickï¼Œå°è¯•æ¬¡æ•°: 1/3
2026-01-23 13:45:52 - pages.base_page - [32mINFO[0m - [base_page.py:110] - ç‚¹å‡»å…ƒç´ : <Locator frame=<Frame name= url='http://dev8.kuotian.cc/netOrder/goods'> selector='internal:role=button[name="å‘å¸ƒè´§æº"i]'>
2026-01-23 13:45:52 - utils.retry - [32mINFO[0m - [retry.py:28] - æ‰§è¡Œ clickï¼Œå°è¯•æ¬¡æ•°: 1/3
2026-01-23 13:45:52 - pages.base_page - [32mINFO[0m - [base_page.py:110] - ç‚¹å‡»å…ƒç´ : <Locator frame=<Frame name= url='http://dev8.kuotian.cc/netOrder/goods/publishGoodsSource'> selector='internal:text="\\u8bf7\\u9009\\u62e9\\u8d27\\u54c1"i'>
2026-01-23 13:45:52 - utils.retry - [32mINFO[0m - [retry.py:28] - æ‰§è¡Œ clickï¼Œå°è¯•æ¬¡æ•°: 1/3
2026-01-23 13:45:52 - pages.base_page - [32mINFO[0m - [base_page.py:110] - ç‚¹å‡»å…ƒç´ : <Locator frame=<Frame name= url='http://dev8.kuotian.cc/netOrder/goods/publishGoodsSource'> selector='internal:text="\\u94a2\\u94c1"i'>
2026-01-23 13:45:52 - utils.retry - [32mINFO[0m - [retry.py:28] - æ‰§è¡Œ fillï¼Œå°è¯•æ¬¡æ•°: 1/3
2026-01-23 13:45:52 - pages.base_page - [32mINFO[0m - [base_page.py:129] - å¡«å……è¾“å…¥æ¡†: <Locator frame=<Frame name= url='http://dev8.kuotian.cc/netOrder/goods/publishGoodsSource'> selector='internal:role=textbox[name="è¯·è¾“å…¥è´§ç‰©æ•°é‡(é¢„ä¼°)"i]'> = 500
2026-01-23 13:45:52 - utils.retry - [32mINFO[0m - [retry.py:28] - æ‰§è¡Œ clickï¼Œå°è¯•æ¬¡æ•°: 1/3
2026-01-23 13:45:52 - pages.base_page - [32mINFO[0m - [base_page.py:110] - ç‚¹å‡»å…ƒç´ : <Locator frame=<Frame name= url='http://dev8.kuotian.cc/netOrder/goods/publishGoodsSource'> selector='internal:text="\\u8bf7\\u9009\\u62e9\\u53d1\\u8d27\\u65b9\\u5f0f"i >> nth=1'>
2026-01-23 13:45:53 - utils.retry - [32mINFO[0m - [retry.py:28] - æ‰§è¡Œ clickï¼Œå°è¯•æ¬¡æ•°: 1/3
2026-01-23 13:45:53 - pages.base_page - [32mINFO[0m - [base_page.py:110] - ç‚¹å‡»å…ƒç´ : <Locator frame=<Frame name= url='http://dev8.kuotian.cc/netOrder/goods/publishGoodsSource'> selector='internal:text="\\u6307\\u6d3e\\u53f8\\u673a"i'>
2026-01-23 13:45:58 - pages.base_page - [31mERROR[0m - [base_page.py:115] - ç‚¹å‡»å¤±è´¥: <Locator frame=<Frame name= url='http://dev8.kuotian.cc/netOrder/goods/publishGoodsSource'> selector='internal:text="\\u6307\\u6d3e\\u53f8\\u673a"i'>, é”™è¯¯: Locator.click: Timeout 5000ms exceeded.
Call log:
  - waiting for get_by_text("æŒ‡æ´¾å¸æœº")

2026-01-23 13:45:58 - utils.retry - [33mWARNING[0m - [retry.py:35] - click å¤±è´¥ï¼Œ0.5ç§’åé‡è¯•. é”™è¯¯: Locator.click: Timeout 5000ms exceeded.
Call log:
  - waiting for get_by_text("æŒ‡æ´¾å¸æœº")

2026-01-23 13:45:58 - utils.retry - [32mINFO[0m - [retry.py:28] - æ‰§è¡Œ clickï¼Œå°è¯•æ¬¡æ•°: 2/3
2026-01-23 13:45:58 - pages.base_page - [32mINFO[0m - [base_page.py:110] - ç‚¹å‡»å…ƒç´ : <Locator frame=<Frame name= url='http://dev8.kuotian.cc/netOrder/goods/publishGoodsSource'> selector='internal:text="\\u6307\\u6d3e\\u53f8\\u673a"i'>
2026-01-23 13:46:03 - pages.base_page - [31mERROR[0m - [base_page.py:115] - ç‚¹å‡»å¤±è´¥: <Locator frame=<Frame name= url='http://dev8.kuotian.cc/netOrder/goods/publishGoodsSource'> selector='internal:text="\\u6307\\u6d3e\\u53f8\\u673a"i'>, é”™è¯¯: Locator.click: Timeout 5000ms exceeded.
Call log:
  - waiting for get_by_text("æŒ‡æ´¾å¸æœº")

2026-01-23 13:46:03 - utils.retry - [33mWARNING[0m - [retry.py:35] - click å¤±è´¥ï¼Œ0.5ç§’åé‡è¯•. é”™è¯¯: Locator.click: Timeout 5000ms exceeded.
Call log:
  - waiting for get_by_text("æŒ‡æ´¾å¸æœº")

2026-01-23 13:46:04 - utils.retry - [32mINFO[0m - [retry.py:28] - æ‰§è¡Œ clickï¼Œå°è¯•æ¬¡æ•°: 3/3
2026-01-23 13:46:04 - pages.base_page - [32mINFO[0m - [base_page.py:110] - ç‚¹å‡»å…ƒç´ : <Locator frame=<Frame name= url='http://dev8.kuotian.cc/netOrder/goods/publishGoodsSource'> selector='internal:text="\\u6307\\u6d3e\\u53f8\\u673a"i'>
2026-01-23 13:46:04 - utils.retry - [32mINFO[0m - [retry.py:28] - æ‰§è¡Œ clickï¼Œå°è¯•æ¬¡æ•°: 1/3
2026-01-23 13:46:04 - pages.base_page - [32mINFO[0m - [base_page.py:110] - ç‚¹å‡»å…ƒç´ : <Locator frame=<Frame name= url='http://dev8.kuotian.cc/netOrder/goods/publishGoodsSource'> selector='internal:role=textbox[name="å¼€å§‹æ—¥æœŸ"i]'>
2026-01-23 13:46:05 - utils.retry - [32mINFO[0m - [retry.py:28] - æ‰§è¡Œ clickï¼Œå°è¯•æ¬¡æ•°: 1/3
2026-01-23 13:46:05 - pages.base_page - [32mINFO[0m - [base_page.py:110] - ç‚¹å‡»å…ƒç´ : <Locator frame=<Frame name= url='http://dev8.kuotian.cc/netOrder/goods/publishGoodsSource'> selector='internal:text="1"i >> nth=5'>
2026-01-23 13:46:05 - utils.retry - [32mINFO[0m - [retry.py:28] - æ‰§è¡Œ clickï¼Œå°è¯•æ¬¡æ•°: 1/3
2026-01-23 13:46:05 - pages.base_page - [32mINFO[0m - [base_page.py:110] - ç‚¹å‡»å…ƒç´ : <Locator frame=<Frame name= url='http://dev8.kuotian.cc/netOrder/goods/publishGoodsSource'> selector='internal:role=gridcell[name="31"i] >> nth=1'>
2026-01-23 13:46:05 - utils.retry - [32mINFO[0m - [retry.py:28] - æ‰§è¡Œ clickï¼Œå°è¯•æ¬¡æ•°: 1/3
2026-01-23 13:46:05 - pages.base_page - [32mINFO[0m - [base_page.py:110] - ç‚¹å‡»å…ƒç´ : <Locator frame=<Frame name= url='http://dev8.kuotian.cc/netOrder/goods/publishGoodsSource'> selector='internal:text="\\u8bf7\\u9009\\u62e9\\u63d0\\u8d27\\u5355\\u4f4d"i'>
2026-01-23 13:46:05 - utils.retry - [32mINFO[0m - [retry.py:28] - æ‰§è¡Œ clickï¼Œå°è¯•æ¬¡æ•°: 1/3
2026-01-23 13:46:05 - pages.base_page - [32mINFO[0m - [base_page.py:110] - ç‚¹å‡»å…ƒç´ : <Locator frame=<Frame name= url='http://dev8.kuotian.cc/netOrder/goods/publishGoodsSource'> selector='internal:text="\\u5efa\\u8bbe\\u8def\\u63d0\\u8d27\\u70b9"i'>
2026-01-23 13:46:06 - utils.retry - [32mINFO[0m - [retry.py:28] - æ‰§è¡Œ clickï¼Œå°è¯•æ¬¡æ•°: 1/3
2026-01-23 13:46:06 - pages.base_page - [32mINFO[0m - [base_page.py:110] - ç‚¹å‡»å…ƒç´ : <Locator frame=<Frame name= url='http://dev8.kuotian.cc/netOrder/goods/publishGoodsSource'> selector='internal:text="\\u8bf7\\u9009\\u62e9\\u6536\\u8d27\\u5355\\u4f4d"i'>
2026-01-23 13:46:06 - utils.retry - [32mINFO[0m - [retry.py:28] - æ‰§è¡Œ clickï¼Œå°è¯•æ¬¡æ•°: 1/3
2026-01-23 13:46:06 - pages.base_page - [32mINFO[0m - [base_page.py:110] - ç‚¹å‡»å…ƒç´ : <Locator frame=<Frame name= url='http://dev8.kuotian.cc/netOrder/goods/publishGoodsSource'> selector='internal:text="\\u7965\\u539a\\u8def"i'>
2026-01-23 13:46:06 - pages.base_page - [32mINFO[0m - [base_page.py:157] - å‹¾é€‰å¤é€‰æ¡†: <Locator frame=<Frame name= url='http://dev8.kuotian.cc/netOrder/goods/publishGoodsSource'> selector='internal:role=checkbox[name="åŒæ„"i]'>
2026-01-23 13:46:06 - utils.retry - [32mINFO[0m - [retry.py:28] - æ‰§è¡Œ clickï¼Œå°è¯•æ¬¡æ•°: 1/3
2026-01-23 13:46:06 - pages.base_page - [32mINFO[0m - [base_page.py:110] - ç‚¹å‡»å…ƒç´ : <Locator frame=<Frame name= url='http://dev8.kuotian.cc/netOrder/goods/publishGoodsSource'> selector='internal:role=button[name="æ äº¤"i]'>
2026-01-23 13:46:07 - pages.base_page - [32mINFO[0m - [base_page.py:303] - æ–­è¨€æ–‡æœ¬å¯è§: å‘å¸ƒæˆåŠŸ
2026-01-23 13:46:12 - pages.base_page - [31mERROR[0m - [base_page.py:308] - æ–‡æœ¬æ–­è¨€å¤±è´¥: å‘å¸ƒæˆåŠŸ, é”™è¯¯: Locator expected to be visible
Actual value: None
Error: element(s) not found 
Call log:
  - Expect "to_be_visible" with timeout 5000ms
  - waiting for get_by_text("å‘å¸ƒæˆåŠŸ")

2026-01-23 13:46:12 - tests.conftest - [31mERROR[0m - [conftest.py:81] - æµ‹è¯•å¤±è´¥: test_publish_steel_cargo
2026-01-23 13:46:12 - tests.conftest - [32mINFO[0m - [conftest.py:32] - å…³é—­æµè§ˆå™¨
2026-01-23 13:46:12 - tests.conftest - [32mINFO[0m - [conftest.py:69] - ==================================================
2026-01-23 13:46:12 - tests.conftest - [32mINFO[0m - [conftest.py:70] - è‡ªåŠ¨åŒ–æµ‹è¯•ç»“æŸ
2026-01-23 13:46:12 - tests.conftest - [32mINFO[0m - [conftest.py:71] - ==================================================
